Vertex
74->114904
14->135208
63->172072
70->61560
80->98328
96->94360
5->78040
62->188496
3->122920
44->53384
31->57464
54->106712
23->45192
69->192592
43->159784
75->119000
24->49272
41->155688
59->180304
4->127016
51->61576
76->65656
11->155728
15->53272
73->94232
68->180264
71->196688
13->82136
33->94424
20->139304
17->61464
47->57480
53->102616
21->143400
50->167976
58->110808
16->57368
57->176208
18->45176
65->176168
25->61592
52->65672
86->127192
29->159824
38->163920
6->57496
8->61512
97->98456
46->163880
94->114712
42->168016
2->57416
10->41080
22->90328
19->86232
49->172112
92->131288
32->65560
56->69768
64->73864
28->65688
89->90248
87->106520
91->188456
48->98520
83->200784
36->65608
99->192552
35->69656
37->73752
88->110616
78->123096
93->204880
79->82056
67->86040
95->90264
30->69784
27->147496
40->73880
45->69704
66->81944
98->208976
1->53400
26->53368
61->77976
90->86168
12->49176
7->131112
72->90136
84->184360
60->184400
9->45080
77->77960
0->151632
39->49288
82->102424
55->77848
85->82072
34->151592
81->86152
Edge
16->1deb-1hug-mxh-44ls
100->1ssj-2gig-m51-18c8
192->1kib-1uhk-cnp-18aw
108->2yoa-47rk-mxh-157c
97->2k1x-2mug-cnp-3rxk
46->2gw5-3ors-cnp-18co
17->2eit-3rxk-mxh-1ens
75->2j9h-3lm0-e8l-4axc
167->328a-47rk-e8l-2q54
87->1s03-1el4-e8l-1ue0
19->1vkr-276g-e8l-157c
95->2xvu-3900-cnp-120o
90->2jnp-2wbs-cnp-2dco
129->wsv-156g-e8l-38yw
138->1hqr-18d4-m51-3c4o
62->1ez7-1xnc-cnp-1biw
39->utr-156g-cnp-2q54
180->20ar-1bfc-m51-3y94
2->1usb-2q54-e8l-1xnc
126->2zgq-3ya8-m51-3v4g
59->1xy3-1ujc-e8l-1kwo
38->16oh-1xmw-cnp-1hu0
33->16a9-1kzs-m51-1bfc
127->23vf-1rdk-e8l-120o
160->1ixf-1eoo-cnp-3ors
30->1vyz-2di0-e8l-47rk
143->1wqr-1o2g-cnp-44ko
34->1wd7-2ac8-m51-1rdk
117->2z2i-3c5s-m51-18co
181->347e-3ryo-cnp-1eo8
82->vm7-1ens-m51-1hu0
191->2osl-3v3c-e8l-1eo8
76->1qtf-1o2g-cnp-1biw
99->2ya2-3ihc-m51-2gig
109->1t6r-1el4-cnp-ys8
56->1xjv-2di0-m51-3v4g
146->1amp-1o5k-mxh-41g0
176->2n7p-3v3c-e8l-23vc
20->2ex1-3ig8-mxh-2gig
22->2fb9-38yw-cnp-18d4
91->1seb-23vc-cnp-2gig
29->1lab-189k-e8l-44ko
74->1qf7-1bfc-m51-3ya8
144->1x4z-1r88-cnp-18c8
159->2mf9-3c4o-mxh-3ya8
162->1zib-11y0-cnp-240o
85->189d-1hu0-mxh-2zhk
40->1wrf-1xp4-e8l-yuw
141->1wcj-2714-e8l-1rbc
177->33t6-4h8w-cnp-3c5s
89->213v-2jtk-cnp-20t4
149->1xxf-1ue0-e8l-1bfc
145->2lmt-32nc-mxh-1l08
106->21wb-2ac8-e8l-3c4o
47->1n9f-1o2g-m51-1bfc
70->2wp6-3c5s-e8l-1hug
193->21hf-1xjs-cnp-18c8
136->30ne-3ln4-cnp-1xnc
147->1xj7-ys8-e8l-1xjs
54->1o1v-20pk-cnp-1uhk
63->2ih1-3lm0-mxh-1hqw
112->1tkz-1kwo-e8l-120o
182->2o05-32nc-m51-11y0
44->2v4a-3ya8-e8l-1hs8
102->1fdf-1uhk-m51-3v4g
101->2kud-2wbs-mxh-3osw
166->1btd-1uh4-e8l-18c8
121->1gyb-1o60-e8l-1hqw
164->1jbn-157c-m51-3fbk
179->268r-2di0-cnp-18d4
165->31u2-41g0-cnp-156w
139->1a8h-1big-cnp-44ls
120->1udf-1r88-cnp-2q54
194->2p6t-3lm0-e8l-1kwo
93->2xhm-4axc-e8l-1r88
13->1d03-23yw-mxh-20t4
137->1vyb-1ue0-mxh-3ryo
79->17v5-1o5k-e8l-4axc
124->232z-2q54-e8l-1eoo
168->25uj-2ac8-e8l-18c8
36->2uq2-4axc-mxh-32nc
25->2ubu-4axc-m51-1rbs
41->2ghx-2mug-cnp-3ig8
42->1x5n-1rdk-e8l-2wbs
155->1z43-1el4-mxh-120o
69->1q0z-1kwo-cnp-18c8
174->1155-1bgo-cnp-1o7s
92->18nl-1eo8-cnp-47rk
116->1tz7-2714-mxh-276g
161->31fu-3v4g-m51-18aw
72->1z4r-2q54-cnp-2mug
187->1k43-1uhk-mxh-1uh4
61->1oub-20pk-e8l-1rbc
35->2g3p-3ors-m51-2a6w
53->2vwq-41g0-e8l-1o2g
186->1jpv-1biw-mxh-3v4g
45->1mv7-1o2g-mxh-3y94
131->2zuy-3ihc-m51-3y94
32->1m2r-1el4-m51-18co
170->1zwj-189k-e8l-2dco
0->2dc5-3ors-e8l-3c4o
157->2523-1ujc-mxh-32nc
11->u1b-1bi0-cnp-2gig
78->1ziz-2jtk-e8l-1bi0
10->1v6j-2jtk-mxh-1kzs
58->1og3-1bfc-m51-3lm0
51->1ekz-1uhk-mxh-3c5s
4->14pd-1hu0-mxh-2714
153->1b0x-1kzs-m51-23vc
6->2dqd-32nc-cnp-2taw
114->22aj-2ac8-m51-1bgo
198->2pl1-2mug-mxh-38yw
27->1dsj-157c-mxh-1xjs
197->2717-2mzc-mxh-3y94
37->ufj-vp4-m51-1214
113->10qx-1hs8-e8l-156w
80->1r7n-23vc-e8l-2di0
105->zyh-1emg-e8l-44ko
3->1clv-1eoo-mxh-3osw
28->1e6r-1hug-cnp-2zhk
115->1frn-1l08-mxh-1uhk
98->2kg5-3c4o-e8l-2714
31->1loj-189k-m51-2q08
49->2vii-3osw-cnp-38yw
171->1c7l-1eo8-e8l-1uhk
122->22or-1o7s-cnp-1eo8
175->2mth-3fag-mxh-2di0
123->1urn-23vc-cnp-1ue0
189->2oed-2q08-cnp-2di0
163->25gb-1rdk-mxh-1r88
65->1p8j-ys8-mxh-3ig8
94->21i3-2di0-m51-3fag
118->1g5v-23yw-cnp-3fbk
1->1c7n-1eoo-m51-yuw
173->33ey-44ls-m51-yvc
111->191t-1214-cnp-1bfc
66->1pmr-189k-m51-18d4
67->1yqj-20uw-m51-1el4
169->32mi-4h8w-cnp-1rbs
24->1kw3-2gig-mxh-20t4
84->z61-1hs8-cnp-3ors
140->249n-2ac8-mxh-1big
60->2i2t-41ew-e8l-18co
148->24nv-2jtk-e8l-1ens
156->1bf5-yvc-e8l-2ac8
5->2txm-3ya8-cnp-276g
18->yrt-1bgo-m51-1r88
150->1ybn-2714-cnp-41ew
172->330q-3ln4-m51-2mzc
128->19g1-1rbc-m51-1o7s
152->1ij7-1hug-m51-3v3c
158->2m11-41ew-cnp-3ors
81->1rlv-1ue0-cnp-18d4
178->2nlx-2t60-mxh-189k
199->2pz9-44ko-e8l-3ryo
15->153l-156w-cnp-35t4
185->26mz-240o-cnp-1hqw
151->1ypv-1el4-m51-3v3c
190->2137-1bfc-cnp-2gns
196->21vn-11y0-e8l-2714
134->1hcj-1eoo-cnp-1big
195->1kwj-20t4-cnp-1emg
104->wen-156g-e8l-120o
21->15ht-1xmw-mxh-1kzs
107->2l8l-3rxk-m51-3ya8
9->2e4l-35t4-mxh-yuw
125->23h7-1xp4-m51-47rk
86->20bf-2di0-mxh-156g
96->zk9-18aw-m51-3ya8
48->1nnn-2a6w-mxh-1rbs
103->w0f-1ens-cnp-2wbs
73->2iv9-2mug-cnp-1rbc
8->1jpf-2714-e8l-1bi0
26->2fph-3fag-mxh-3y94
50->172p-1o5k-e8l-3v4g
52->v7z-18c8-m51-2gns
142->1i4z-1hug-cnp-1bgo
23->15w1-1xmw-e8l-2jtk
133->1v5v-1xjs-e8l-3lm0
188->34zu-3ryo-m51-3ln4
71->2x3e-4h8w-cnp-1ens
119->1gk3-1uhk-mxh-1el4
57->2hol-35t4-mxh-2q08
64->1ycb-1rdk-e8l-3c4o
68->2way-3ihc-e8l-157c
184->20oz-1o2g-mxh-3ig8
183->34lm-3ya8-cnp-23vc
83->1zx7-1rdk-cnp-2q08
12->1k3n-1bfc-mxh-2jtk
14->1khv-2dco-m51-vp4
77->17gx-yvc-mxh-1o7s
110->10cp-1hs8-mxh-2wbs
135->1vk3-1r88-cnp-1hu0
7->1jb7-2714-cnp-3v3c
130->19u9-18co-e8l-1xmw
88->20pn-2di0-cnp-3lm0
154->311m-4h8w-m51-1l08
132->3096-44ls-e8l-1rbs
55->2had-3rxk-mxh-2jtk
43->1mgz-2gig-e8l-18co
